2020-06-14T22:26:31.614	Cambrian Info 1b83fd17-cf63-4f58-aed1-0f8bca477c8e 0001  7.539757e-01 4.359459e-01 2.324377e-01
2020-06-14T22:26:31.784	Cambrian Info 1b83fd17-cf63-4f58-aed1-0f8bca477c8e 0001  8.055892e-01 3.819252e-01 3.191408e-01
2020-06-14T22:26:31.79	Cambrian Info 1b83fd17-cf63-4f58-aed1-0f8bca477c8e 0002  9.188995e-01 4.277314e-01 3.359393e-01
2020-06-14T22:26:31.79	Cambrian Info 1b83fd17-cf63-4f58-aed1-0f8bca477c8e 0003  9.989352e-01 5.014340e-01 3.882484e-01
2020-06-14T22:27:14.266	Cambrian Info 1b83fd17-cf63-4f58-aed1-0f8bca477c8e 0001  7.539757e-01 4.359459e-01 2.324377e-01
2020-06-14T22:27:14.663	Cambrian Info 1b83fd17-cf63-4f58-aed1-0f8bca477c8e 0001  8.055892e-01 3.819252e-01 3.191408e-01
2020-06-14T22:27:14.663	Cambrian Info 1b83fd17-cf63-4f58-aed1-0f8bca477c8e 0002  9.188995e-01 4.277314e-01 3.359393e-01
2020-06-14T22:27:14.664	Cambrian Info 1b83fd17-cf63-4f58-aed1-0f8bca477c8e 0003  9.989352e-01 5.014340e-01 3.882484e-01
2020-06-14T22:27:14.744	Cambrian Info 1b83fd17-cf63-4f58-aed1-0f8bca477c8e 0001  9.395031e-01 4.726097e-01 2.888032e-01
2020-06-14T22:27:14.746	Cambrian Info 1b83fd17-cf63-4f58-aed1-0f8bca477c8e 0002  9.343938e-01 5.844645e-01 2.374694e-01
2020-06-14T22:27:14.748	Cambrian Info 1b83fd17-cf63-4f58-aed1-0f8bca477c8e 0003  9.657096e-01 5.210510e-01 2.703408e-01
2020-06-14T22:27:14.75	Cambrian Info 1b83fd17-cf63-4f58-aed1-0f8bca477c8e 0004  9.766253e-01 5.020095e-01 3.503788e-01
2020-06-14T22:27:14.752	Cambrian Info 1b83fd17-cf63-4f58-aed1-0f8bca477c8e 0005  9.760914e-01 4.912345e-01 3.475975e-01
2020-06-14T22:27:43.034	Cambrian Info 1b83fd17-cf63-4f58-aed1-0f8bca477c8e 0001  7.539757e-01 4.359459e-01 2.324377e-01
2020-06-14T22:27:43.104	Cambrian Info 1b83fd17-cf63-4f58-aed1-0f8bca477c8e 0001  8.055892e-01 3.819252e-01 3.191408e-01
2020-06-14T22:27:43.104	Cambrian Info 1b83fd17-cf63-4f58-aed1-0f8bca477c8e 0002  9.188995e-01 4.277314e-01 3.359393e-01
2020-06-14T22:27:43.104	Cambrian Info 1b83fd17-cf63-4f58-aed1-0f8bca477c8e 0003  9.989352e-01 5.014340e-01 3.882484e-01
2020-06-14T22:27:43.116	Cambrian Info 1b83fd17-cf63-4f58-aed1-0f8bca477c8e 0001  9.885369e-01 4.881739e-01 3.017733e-01
2020-06-14T22:27:43.126	Cambrian Info 1b83fd17-cf63-4f58-aed1-0f8bca477c8e 0002  9.926892e-01 4.791519e-01 2.787314e-01
2020-06-14T22:27:43.137	Cambrian Info 1b83fd17-cf63-4f58-aed1-0f8bca477c8e 0003  9.823776e-01 5.206286e-01 2.617230e-01
2020-06-14T22:27:43.147	Cambrian Info 1b83fd17-cf63-4f58-aed1-0f8bca477c8e 0004  9.922939e-01 4.926714e-01 2.901604e-01
2020-06-14T22:27:43.158	Cambrian Info 1b83fd17-cf63-4f58-aed1-0f8bca477c8e 0005  9.821658e-01 4.711505e-01 2.891575e-01
2020-06-14T22:27:43.202	Cambrian Info 1b83fd17-cf63-4f58-aed1-0f8bca477c8e 0006  9.964292e-01 5.036970e-01 2.816431e-01
2020-06-14T22:27:43.213	Cambrian Info 1b83fd17-cf63-4f58-aed1-0f8bca477c8e 0007  9.814894e-01 5.005407e-01 2.840623e-01
2020-06-14T22:27:43.224	Cambrian Info 1b83fd17-cf63-4f58-aed1-0f8bca477c8e 0008  9.931406e-01 5.045047e-01 2.833346e-01
2020-06-14T22:27:43.234	Cambrian Info 1b83fd17-cf63-4f58-aed1-0f8bca477c8e 0009  9.866591e-01 4.583397e-01 3.051255e-01
2020-06-14T22:27:43.257	Cambrian Info 1b83fd17-cf63-4f58-aed1-0f8bca477c8e 0010  9.616276e-01 5.147453e-01 2.914122e-01
2020-06-14T22:28:51.762	Cambrian Info 1b83fd17-cf63-4f58-aed1-0f8bca477c8e 0001  7.539757e-01 4.359459e-01 2.324377e-01
2020-06-14T22:28:51.831	Cambrian Info 1b83fd17-cf63-4f58-aed1-0f8bca477c8e 0001  8.055892e-01 3.819252e-01 3.191408e-01
2020-06-14T22:28:51.831	Cambrian Info 1b83fd17-cf63-4f58-aed1-0f8bca477c8e 0002  9.188995e-01 4.277314e-01 3.359393e-01
2020-06-14T22:28:51.831	Cambrian Info 1b83fd17-cf63-4f58-aed1-0f8bca477c8e 0003  9.989352e-01 5.014340e-01 3.882484e-01
2020-06-14T22:28:51.844	Cambrian Info 1b83fd17-cf63-4f58-aed1-0f8bca477c8e 0001  9.885369e-01 4.881739e-01 3.017733e-01
2020-06-14T22:28:51.854	Cambrian Info 1b83fd17-cf63-4f58-aed1-0f8bca477c8e 0002  9.926892e-01 4.791519e-01 2.787314e-01
2020-06-14T22:28:51.865	Cambrian Info 1b83fd17-cf63-4f58-aed1-0f8bca477c8e 0003  9.823776e-01 5.206286e-01 2.617230e-01
2020-06-14T22:28:51.876	Cambrian Info 1b83fd17-cf63-4f58-aed1-0f8bca477c8e 0004  9.922939e-01 4.926714e-01 2.901604e-01
2020-06-14T22:28:51.895	Cambrian Info 1b83fd17-cf63-4f58-aed1-0f8bca477c8e 0005  9.821658e-01 4.711505e-01 2.891575e-01
2020-06-14T22:28:51.925	Cambrian Info 1b83fd17-cf63-4f58-aed1-0f8bca477c8e 0006  9.964292e-01 5.036970e-01 2.816431e-01
2020-06-14T22:28:51.935	Cambrian Info 1b83fd17-cf63-4f58-aed1-0f8bca477c8e 0007  9.814894e-01 5.005407e-01 2.840623e-01
2020-06-14T22:28:51.948	Cambrian Info 1b83fd17-cf63-4f58-aed1-0f8bca477c8e 0008  9.931406e-01 5.045047e-01 2.833346e-01
2020-06-14T22:28:51.96	Cambrian Info 1b83fd17-cf63-4f58-aed1-0f8bca477c8e 0009  9.866591e-01 4.583397e-01 3.051255e-01
2020-06-14T22:28:51.971	Cambrian Info 1b83fd17-cf63-4f58-aed1-0f8bca477c8e 0010  9.616276e-01 5.147453e-01 2.914122e-01
2020-06-14T22:30:35.418	Cambrian Info 1b83fd17-cf63-4f58-aed1-0f8bca477c8e 0001  7.539757e-01 4.359459e-01 2.324377e-01
2020-06-14T22:30:35.493	Cambrian Info 1b83fd17-cf63-4f58-aed1-0f8bca477c8e 0001  8.055892e-01 3.819252e-01 3.191408e-01
2020-06-14T22:30:35.493	Cambrian Info 1b83fd17-cf63-4f58-aed1-0f8bca477c8e 0002  9.188995e-01 4.277314e-01 3.359393e-01
2020-06-14T22:30:35.493	Cambrian Info 1b83fd17-cf63-4f58-aed1-0f8bca477c8e 0003  9.989352e-01 5.014340e-01 3.882484e-01
2020-06-14T22:34:25.27	Cambrian Info 1b83fd17-cf63-4f58-aed1-0f8bca477c8e 0001  7.539757e-01 4.359459e-01 2.324377e-01
2020-06-14T22:34:25.347	Cambrian Info 1b83fd17-cf63-4f58-aed1-0f8bca477c8e 0001  8.055892e-01 3.819252e-01 3.191408e-01
2020-06-14T22:34:25.348	Cambrian Info 1b83fd17-cf63-4f58-aed1-0f8bca477c8e 0002  9.188995e-01 4.277314e-01 3.359393e-01
2020-06-14T22:34:25.348	Cambrian Info 1b83fd17-cf63-4f58-aed1-0f8bca477c8e 0003  9.989352e-01 5.014340e-01 3.882484e-01
2020-06-14T22:35:17.577	Cambrian Info 1b83fd17-cf63-4f58-aed1-0f8bca477c8e 0001  7.539757e-01 4.359459e-01 2.324377e-01
2020-06-14T22:35:17.674	Cambrian Info 1b83fd17-cf63-4f58-aed1-0f8bca477c8e 0001  8.055892e-01 3.819252e-01 3.191408e-01
2020-06-14T22:35:17.674	Cambrian Info 1b83fd17-cf63-4f58-aed1-0f8bca477c8e 0002  9.188995e-01 4.277314e-01 3.359393e-01
2020-06-14T22:35:17.674	Cambrian Info 1b83fd17-cf63-4f58-aed1-0f8bca477c8e 0003  9.989352e-01 5.014340e-01 3.882484e-01
2020-06-14T22:35:17.853	Cambrian Info 1b83fd17-cf63-4f58-aed1-0f8bca477c8e 0001  9.955288e-01 5.191560e-01 2.793217e-01
2020-06-14T22:35:17.882	Cambrian Info 1b83fd17-cf63-4f58-aed1-0f8bca477c8e 0002  9.831424e-01 4.926944e-01 2.820737e-01
2020-06-14T22:35:17.902	Cambrian Info 1b83fd17-cf63-4f58-aed1-0f8bca477c8e 0003  9.854923e-01 5.161868e-01 2.730203e-01
2020-06-14T22:35:17.92	Cambrian Info 1b83fd17-cf63-4f58-aed1-0f8bca477c8e 0004  9.921781e-01 4.942014e-01 2.822880e-01
2020-06-14T22:35:17.94	Cambrian Info 1b83fd17-cf63-4f58-aed1-0f8bca477c8e 0005  9.832387e-01 5.270000e-01 2.605618e-01
2020-06-14T22:35:17.988	Cambrian Info 1b83fd17-cf63-4f58-aed1-0f8bca477c8e 0006  9.766981e-01 4.863540e-01 3.062352e-01
2020-06-14T22:35:18.009	Cambrian Info 1b83fd17-cf63-4f58-aed1-0f8bca477c8e 0007  9.689940e-01 4.620113e-01 2.868113e-01
2020-06-14T22:35:18.031	Cambrian Info 1b83fd17-cf63-4f58-aed1-0f8bca477c8e 0008  9.817230e-01 4.242719e-01 2.912244e-01
2020-06-14T22:35:18.052	Cambrian Info 1b83fd17-cf63-4f58-aed1-0f8bca477c8e 0009  9.997029e-01 4.891874e-01 2.882643e-01
2020-06-14T22:35:18.075	Cambrian Info 1b83fd17-cf63-4f58-aed1-0f8bca477c8e 0010  9.768145e-01 4.298719e-01 2.671182e-01
