2020-06-14T20:13:01.947	Cambrian Info 2a83ccab-f8fe-416f-9612-760279542326 0001  9.219630e-01 4.446218e-01 2.836669e-01
2020-06-14T20:13:02.094	Cambrian Info 2a83ccab-f8fe-416f-9612-760279542326 0001  9.506519e-01 6.399889e-01 1.990202e-01
2020-06-14T20:13:02.102	Cambrian Info 2a83ccab-f8fe-416f-9612-760279542326 0002  7.704855e-01 3.834630e-01 2.744646e-01
2020-06-14T20:15:08.811	Cambrian Info 2a83ccab-f8fe-416f-9612-760279542326 0001  9.219630e-01 4.446218e-01 2.836669e-01
2020-06-14T20:15:08.905	Cambrian Info 2a83ccab-f8fe-416f-9612-760279542326 0001  9.506519e-01 6.399889e-01 1.990202e-01
2020-06-14T20:15:08.905	Cambrian Info 2a83ccab-f8fe-416f-9612-760279542326 0002  7.704855e-01 3.834630e-01 2.744646e-01
2020-06-14T20:15:08.905	Cambrian Info 2a83ccab-f8fe-416f-9612-760279542326 0003  5.570384e-01 4.229691e-01 9.611601e-02
2020-06-14T20:16:03.933	Cambrian Info 2a83ccab-f8fe-416f-9612-760279542326 0001  9.219630e-01 4.446218e-01 2.836669e-01
2020-06-14T20:16:04	Cambrian Info 2a83ccab-f8fe-416f-9612-760279542326 0001  9.506519e-01 6.399889e-01 1.990202e-01
2020-06-14T20:16:04	Cambrian Info 2a83ccab-f8fe-416f-9612-760279542326 0002  7.704855e-01 3.834630e-01 2.744646e-01
2020-06-14T20:16:04	Cambrian Info 2a83ccab-f8fe-416f-9612-760279542326 0003  5.570384e-01 4.229691e-01 9.611601e-02
2020-06-14T20:22:20.923	Cambrian Info 2a83ccab-f8fe-416f-9612-760279542326 0001  9.219630e-01 4.446218e-01 2.836669e-01
2020-06-14T20:22:21.017	Cambrian Info 2a83ccab-f8fe-416f-9612-760279542326 0001  9.506519e-01 6.399889e-01 1.990202e-01
2020-06-14T20:22:21.017	Cambrian Info 2a83ccab-f8fe-416f-9612-760279542326 0002  7.704855e-01 3.834630e-01 2.744646e-01
2020-06-14T20:22:21.017	Cambrian Info 2a83ccab-f8fe-416f-9612-760279542326 0003  5.570384e-01 4.229691e-01 9.611601e-02
2020-06-14T20:22:33.997	Cambrian Info 2a83ccab-f8fe-416f-9612-760279542326 0001  9.219630e-01 4.446218e-01 2.836669e-01
2020-06-14T20:22:34.079	Cambrian Info 2a83ccab-f8fe-416f-9612-760279542326 0001  9.506519e-01 6.399889e-01 1.990202e-01
2020-06-14T20:22:34.079	Cambrian Info 2a83ccab-f8fe-416f-9612-760279542326 0002  7.704855e-01 3.834630e-01 2.744646e-01
2020-06-14T20:22:34.079	Cambrian Info 2a83ccab-f8fe-416f-9612-760279542326 0003  5.570384e-01 4.229691e-01 9.611601e-02
2020-06-14T20:28:08.445	Cambrian Info 2a83ccab-f8fe-416f-9612-760279542326 0001  9.219630e-01 4.446218e-01 2.836669e-01
2020-06-14T20:28:08.515	Cambrian Info 2a83ccab-f8fe-416f-9612-760279542326 0001  9.506519e-01 6.399889e-01 1.990202e-01
2020-06-14T20:28:08.515	Cambrian Info 2a83ccab-f8fe-416f-9612-760279542326 0002  7.704855e-01 3.834630e-01 2.744646e-01
2020-06-14T20:28:08.515	Cambrian Info 2a83ccab-f8fe-416f-9612-760279542326 0003  5.570384e-01 4.229691e-01 9.611601e-02
2020-06-14T20:29:29.994	Cambrian Info 2a83ccab-f8fe-416f-9612-760279542326 0001  9.219630e-01 4.446218e-01 2.836669e-01
2020-06-14T20:29:30.088	Cambrian Info 2a83ccab-f8fe-416f-9612-760279542326 0001  9.506519e-01 6.399889e-01 1.990202e-01
2020-06-14T20:29:30.089	Cambrian Info 2a83ccab-f8fe-416f-9612-760279542326 0002  7.704855e-01 3.834630e-01 2.744646e-01
2020-06-14T20:29:30.089	Cambrian Info 2a83ccab-f8fe-416f-9612-760279542326 0003  5.570384e-01 4.229691e-01 9.611601e-02
2020-06-14T20:31:16.853	Cambrian Info 2a83ccab-f8fe-416f-9612-760279542326 0001  9.219630e-01 4.446218e-01 2.836669e-01
2020-06-14T20:31:16.947	Cambrian Info 2a83ccab-f8fe-416f-9612-760279542326 0001  9.506519e-01 6.399889e-01 1.990202e-01
2020-06-14T20:31:16.947	Cambrian Info 2a83ccab-f8fe-416f-9612-760279542326 0002  7.704855e-01 3.834630e-01 2.744646e-01
2020-06-14T20:31:16.947	Cambrian Info 2a83ccab-f8fe-416f-9612-760279542326 0003  5.570384e-01 4.229691e-01 9.611601e-02
2020-06-14T20:35:15.343	Cambrian Info 2a83ccab-f8fe-416f-9612-760279542326 0001  9.219630e-01 4.446218e-01 2.836669e-01
2020-06-14T20:35:15.438	Cambrian Info 2a83ccab-f8fe-416f-9612-760279542326 0001  9.506519e-01 6.399889e-01 1.990202e-01
2020-06-14T20:35:15.438	Cambrian Info 2a83ccab-f8fe-416f-9612-760279542326 0002  7.704855e-01 3.834630e-01 2.744646e-01
2020-06-14T20:35:15.438	Cambrian Info 2a83ccab-f8fe-416f-9612-760279542326 0003  5.570384e-01 4.229691e-01 9.611601e-02
2020-06-14T20:36:30.264	Cambrian Info 2a83ccab-f8fe-416f-9612-760279542326 0001  9.219630e-01 4.446218e-01 2.836669e-01
2020-06-14T20:36:30.333	Cambrian Info 2a83ccab-f8fe-416f-9612-760279542326 0001  9.506519e-01 6.399889e-01 1.990202e-01
2020-06-14T20:36:30.333	Cambrian Info 2a83ccab-f8fe-416f-9612-760279542326 0002  7.704855e-01 3.834630e-01 2.744646e-01
2020-06-14T20:36:30.333	Cambrian Info 2a83ccab-f8fe-416f-9612-760279542326 0003  5.570384e-01 4.229691e-01 9.611601e-02
2020-06-14T20:36:51.944	Cambrian Info 2a83ccab-f8fe-416f-9612-760279542326 0001  9.219630e-01 4.446218e-01 2.836669e-01
2020-06-14T20:36:52.032	Cambrian Info 2a83ccab-f8fe-416f-9612-760279542326 0001  9.506519e-01 6.399889e-01 1.990202e-01
2020-06-14T20:36:52.032	Cambrian Info 2a83ccab-f8fe-416f-9612-760279542326 0002  7.704855e-01 3.834630e-01 2.744646e-01
2020-06-14T20:36:52.032	Cambrian Info 2a83ccab-f8fe-416f-9612-760279542326 0003  5.570384e-01 4.229691e-01 9.611601e-02
2020-06-14T20:39:10.759	Cambrian Info 2a83ccab-f8fe-416f-9612-760279542326 0001  9.219630e-01 4.446218e-01 2.836669e-01
2020-06-14T20:39:10.823	Cambrian Info 2a83ccab-f8fe-416f-9612-760279542326 0001  9.506519e-01 6.399889e-01 1.990202e-01
2020-06-14T20:39:10.824	Cambrian Info 2a83ccab-f8fe-416f-9612-760279542326 0002  7.704855e-01 3.834630e-01 2.744646e-01
2020-06-14T20:39:10.824	Cambrian Info 2a83ccab-f8fe-416f-9612-760279542326 0003  5.570384e-01 4.229691e-01 9.611601e-02
2020-06-14T20:40:29.512	Cambrian Info 2a83ccab-f8fe-416f-9612-760279542326 0001  9.219630e-01 4.446218e-01 2.836669e-01
2020-06-14T20:40:29.58	Cambrian Info 2a83ccab-f8fe-416f-9612-760279542326 0001  9.506519e-01 6.399889e-01 1.990202e-01
2020-06-14T20:40:29.58	Cambrian Info 2a83ccab-f8fe-416f-9612-760279542326 0002  7.704855e-01 3.834630e-01 2.744646e-01
2020-06-14T20:40:29.58	Cambrian Info 2a83ccab-f8fe-416f-9612-760279542326 0003  5.570384e-01 4.229691e-01 9.611601e-02
2020-06-14T20:41:11.817	Cambrian Info 2a83ccab-f8fe-416f-9612-760279542326 0001  9.219630e-01 4.446218e-01 2.836669e-01
2020-06-14T20:41:11.888	Cambrian Info 2a83ccab-f8fe-416f-9612-760279542326 0001  9.506519e-01 6.399889e-01 1.990202e-01
2020-06-14T20:41:11.889	Cambrian Info 2a83ccab-f8fe-416f-9612-760279542326 0002  7.704855e-01 3.834630e-01 2.744646e-01
2020-06-14T20:41:11.889	Cambrian Info 2a83ccab-f8fe-416f-9612-760279542326 0003  5.570384e-01 4.229691e-01 9.611601e-02
2020-06-14T20:41:36.073	Cambrian Info 2a83ccab-f8fe-416f-9612-760279542326 0001  9.219630e-01 4.446218e-01 2.836669e-01
2020-06-14T20:41:36.144	Cambrian Info 2a83ccab-f8fe-416f-9612-760279542326 0001  9.506519e-01 6.399889e-01 1.990202e-01
2020-06-14T20:41:36.144	Cambrian Info 2a83ccab-f8fe-416f-9612-760279542326 0002  7.704855e-01 3.834630e-01 2.744646e-01
2020-06-14T20:41:36.144	Cambrian Info 2a83ccab-f8fe-416f-9612-760279542326 0003  5.570384e-01 4.229691e-01 9.611601e-02
2020-06-14T20:42:31.153	Cambrian Info 2a83ccab-f8fe-416f-9612-760279542326 0001  9.219630e-01 4.446218e-01 2.836669e-01
2020-06-14T20:42:31.221	Cambrian Info 2a83ccab-f8fe-416f-9612-760279542326 0001  9.506519e-01 6.399889e-01 1.990202e-01
2020-06-14T20:42:31.222	Cambrian Info 2a83ccab-f8fe-416f-9612-760279542326 0002  7.704855e-01 3.834630e-01 2.744646e-01
2020-06-14T20:42:31.222	Cambrian Info 2a83ccab-f8fe-416f-9612-760279542326 0003  5.570384e-01 4.229691e-01 9.611601e-02
2020-06-14T20:44:28.641	Cambrian Info 2a83ccab-f8fe-416f-9612-760279542326 0001  9.219630e-01 4.446218e-01 2.836669e-01
2020-06-14T20:44:28.725	Cambrian Info 2a83ccab-f8fe-416f-9612-760279542326 0001  9.506519e-01 6.399889e-01 1.990202e-01
2020-06-14T20:44:28.725	Cambrian Info 2a83ccab-f8fe-416f-9612-760279542326 0002  7.704855e-01 3.834630e-01 2.744646e-01
2020-06-14T20:44:28.725	Cambrian Info 2a83ccab-f8fe-416f-9612-760279542326 0003  5.570384e-01 4.229691e-01 9.611601e-02
2020-06-14T20:45:28.831	Cambrian Info 2a83ccab-f8fe-416f-9612-760279542326 0001  9.219630e-01 4.446218e-01 2.836669e-01
2020-06-14T20:45:28.912	Cambrian Info 2a83ccab-f8fe-416f-9612-760279542326 0001  9.506519e-01 6.399889e-01 1.990202e-01
2020-06-14T20:45:28.913	Cambrian Info 2a83ccab-f8fe-416f-9612-760279542326 0002  7.704855e-01 3.834630e-01 2.744646e-01
2020-06-14T20:45:28.913	Cambrian Info 2a83ccab-f8fe-416f-9612-760279542326 0003  5.570384e-01 4.229691e-01 9.611601e-02
