2020-06-14T22:45:56.993	Cambrian Info 52398b19-c595-4a33-a5f9-da82d414bd8f 0001  9.510289e-01 5.916905e-01 3.739806e-01
2020-06-14T22:45:57.298	Cambrian Info 52398b19-c595-4a33-a5f9-da82d414bd8f 0001  9.710760e-01 5.494288e-01 3.832378e-01
2020-06-14T22:45:57.304	Cambrian Info 52398b19-c595-4a33-a5f9-da82d414bd8f 0002  8.923415e-01 4.611814e-01 3.288591e-01
2020-06-14T22:45:57.304	Cambrian Info 52398b19-c595-4a33-a5f9-da82d414bd8f 0003  8.053523e-01 4.489053e-01 2.647037e-01
2020-06-14T22:45:58.947	Cambrian Info 52398b19-c595-4a33-a5f9-da82d414bd8f 0001  9.779866e-01 5.046732e-01 2.787827e-01
2020-06-14T22:45:58.966	Cambrian Info 52398b19-c595-4a33-a5f9-da82d414bd8f 0002  9.804181e-01 4.781281e-01 3.123392e-01
2020-06-14T22:45:58.986	Cambrian Info 52398b19-c595-4a33-a5f9-da82d414bd8f 0003  9.971811e-01 5.416920e-01 2.853999e-01
2020-06-14T22:45:59.005	Cambrian Info 52398b19-c595-4a33-a5f9-da82d414bd8f 0004  9.980422e-01 5.265970e-01 2.864067e-01
2020-06-14T22:45:59.025	Cambrian Info 52398b19-c595-4a33-a5f9-da82d414bd8f 0005  9.953684e-01 4.820845e-01 2.940122e-01
2020-06-14T22:45:59.107	Cambrian Info 52398b19-c595-4a33-a5f9-da82d414bd8f 0006  9.757779e-01 5.077190e-01 2.949327e-01
2020-06-14T22:45:59.129	Cambrian Info 52398b19-c595-4a33-a5f9-da82d414bd8f 0007  9.980327e-01 4.186367e-01 2.763671e-01
2020-06-14T22:45:59.151	Cambrian Info 52398b19-c595-4a33-a5f9-da82d414bd8f 0008  9.974080e-01 4.867301e-01 2.907052e-01
2020-06-14T22:45:59.17	Cambrian Info 52398b19-c595-4a33-a5f9-da82d414bd8f 0009  9.956020e-01 4.704228e-01 2.873703e-01
2020-06-14T22:45:59.191	Cambrian Info 52398b19-c595-4a33-a5f9-da82d414bd8f 0010  9.806079e-01 4.587210e-01 2.750126e-01
2020-06-14T22:51:01.871	Cambrian Info 52398b19-c595-4a33-a5f9-da82d414bd8f 0001  9.510289e-01 5.916905e-01 3.739806e-01
2020-06-14T22:51:01.944	Cambrian Info 52398b19-c595-4a33-a5f9-da82d414bd8f 0001  9.710760e-01 5.494288e-01 3.832378e-01
2020-06-14T22:51:01.945	Cambrian Info 52398b19-c595-4a33-a5f9-da82d414bd8f 0002  8.923415e-01 4.611814e-01 3.288591e-01
2020-06-14T22:51:01.945	Cambrian Info 52398b19-c595-4a33-a5f9-da82d414bd8f 0003  8.053523e-01 4.489053e-01 2.647037e-01
2020-06-14T22:51:02.029	Cambrian Info 52398b19-c595-4a33-a5f9-da82d414bd8f 0001  9.779866e-01 5.046732e-01 2.787827e-01
2020-06-14T22:51:02.049	Cambrian Info 52398b19-c595-4a33-a5f9-da82d414bd8f 0002  9.804181e-01 4.781281e-01 3.123392e-01
2020-06-14T22:51:02.069	Cambrian Info 52398b19-c595-4a33-a5f9-da82d414bd8f 0003  9.971811e-01 5.416920e-01 2.853999e-01
2020-06-14T22:51:02.089	Cambrian Info 52398b19-c595-4a33-a5f9-da82d414bd8f 0004  9.980422e-01 5.265970e-01 2.864067e-01
2020-06-14T22:51:02.108	Cambrian Info 52398b19-c595-4a33-a5f9-da82d414bd8f 0005  9.953684e-01 4.820845e-01 2.940122e-01
2020-06-14T22:51:02.181	Cambrian Info 52398b19-c595-4a33-a5f9-da82d414bd8f 0006  9.757779e-01 5.077190e-01 2.949327e-01
2020-06-14T22:51:02.202	Cambrian Info 52398b19-c595-4a33-a5f9-da82d414bd8f 0007  9.980327e-01 4.186367e-01 2.763671e-01
2020-06-14T22:51:02.223	Cambrian Info 52398b19-c595-4a33-a5f9-da82d414bd8f 0008  9.974080e-01 4.867301e-01 2.907052e-01
2020-06-14T22:51:02.244	Cambrian Info 52398b19-c595-4a33-a5f9-da82d414bd8f 0009  9.956020e-01 4.704228e-01 2.873703e-01
2020-06-14T22:51:02.265	Cambrian Info 52398b19-c595-4a33-a5f9-da82d414bd8f 0010  9.806079e-01 4.587210e-01 2.750126e-01
2020-06-14T22:51:52.403	Cambrian Info 52398b19-c595-4a33-a5f9-da82d414bd8f 0001  9.510289e-01 5.916905e-01 3.739806e-01
2020-06-14T22:51:52.478	Cambrian Info 52398b19-c595-4a33-a5f9-da82d414bd8f 0001  9.710760e-01 5.494288e-01 3.832378e-01
2020-06-14T22:51:52.478	Cambrian Info 52398b19-c595-4a33-a5f9-da82d414bd8f 0002  8.923415e-01 4.611814e-01 3.288591e-01
2020-06-14T22:51:52.478	Cambrian Info 52398b19-c595-4a33-a5f9-da82d414bd8f 0003  8.053523e-01 4.489053e-01 2.647037e-01
2020-06-14T22:52:35.544	Cambrian Info 52398b19-c595-4a33-a5f9-da82d414bd8f 0001  9.510289e-01 5.916905e-01 3.739806e-01
2020-06-14T22:52:35.622	Cambrian Info 52398b19-c595-4a33-a5f9-da82d414bd8f 0001  9.710760e-01 5.494288e-01 3.832378e-01
2020-06-14T22:52:35.622	Cambrian Info 52398b19-c595-4a33-a5f9-da82d414bd8f 0002  8.923415e-01 4.611814e-01 3.288591e-01
2020-06-14T22:52:35.622	Cambrian Info 52398b19-c595-4a33-a5f9-da82d414bd8f 0003  8.053523e-01 4.489053e-01 2.647037e-01
2020-06-14T22:52:35.698	Cambrian Info 52398b19-c595-4a33-a5f9-da82d414bd8f 0001  -1.720646e+02 -2.002690e+02 1.678180e+01
2020-06-14T22:52:35.718	Cambrian Info 52398b19-c595-4a33-a5f9-da82d414bd8f 0002  -1.720646e+02 -1.975365e+02 1.495958e+01
2020-06-14T22:52:35.739	Cambrian Info 52398b19-c595-4a33-a5f9-da82d414bd8f 0003  -1.720646e+02 -1.989466e+02 1.778604e+01
2020-06-14T22:52:35.77	Cambrian Info 52398b19-c595-4a33-a5f9-da82d414bd8f 0004  -1.720646e+02 -1.981585e+02 1.524879e+01
2020-06-14T22:52:35.788	Cambrian Info 52398b19-c595-4a33-a5f9-da82d414bd8f 0005  -1.720646e+02 -1.974909e+02 1.436587e+01
2020-06-14T22:52:35.832	Cambrian Info 52398b19-c595-4a33-a5f9-da82d414bd8f 0006  -1.720646e+02 -1.958488e+02 1.330206e+01
2020-06-14T22:52:35.854	Cambrian Info 52398b19-c595-4a33-a5f9-da82d414bd8f 0007  -1.720646e+02 -1.953533e+02 1.487333e+01
2020-06-14T22:52:35.877	Cambrian Info 52398b19-c595-4a33-a5f9-da82d414bd8f 0008  -1.625586e+02 -1.959117e+02 1.487064e+01
2020-06-14T22:52:35.898	Cambrian Info 52398b19-c595-4a33-a5f9-da82d414bd8f 0009  -1.609646e+02 -1.934354e+02 1.611619e+01
2020-06-14T22:52:35.922	Cambrian Info 52398b19-c595-4a33-a5f9-da82d414bd8f 0010  -1.556087e+02 -1.943225e+02 1.646324e+01
2020-06-14T22:53:38.355	Cambrian Info 52398b19-c595-4a33-a5f9-da82d414bd8f 0001  9.510289e-01 5.916905e-01 3.739806e-01
2020-06-14T22:53:38.43	Cambrian Info 52398b19-c595-4a33-a5f9-da82d414bd8f 0001  9.710760e-01 5.494288e-01 3.832378e-01
2020-06-14T22:53:38.43	Cambrian Info 52398b19-c595-4a33-a5f9-da82d414bd8f 0002  8.923415e-01 4.611814e-01 3.288591e-01
2020-06-14T22:53:38.43	Cambrian Info 52398b19-c595-4a33-a5f9-da82d414bd8f 0003  8.053523e-01 4.489053e-01 2.647037e-01
2020-06-14T22:53:38.512	Cambrian Info 52398b19-c595-4a33-a5f9-da82d414bd8f 0001  -1.720646e+02 -2.002690e+02 1.678180e+01
2020-06-14T22:53:38.531	Cambrian Info 52398b19-c595-4a33-a5f9-da82d414bd8f 0002  -1.720646e+02 -1.975365e+02 1.495958e+01
2020-06-14T22:53:38.552	Cambrian Info 52398b19-c595-4a33-a5f9-da82d414bd8f 0003  -1.720646e+02 -1.989466e+02 1.778604e+01
2020-06-14T22:53:38.573	Cambrian Info 52398b19-c595-4a33-a5f9-da82d414bd8f 0004  -1.720646e+02 -1.981585e+02 1.524879e+01
2020-06-14T22:53:38.592	Cambrian Info 52398b19-c595-4a33-a5f9-da82d414bd8f 0005  -1.720646e+02 -1.974909e+02 1.436587e+01
2020-06-14T22:53:38.641	Cambrian Info 52398b19-c595-4a33-a5f9-da82d414bd8f 0006  -1.720646e+02 -1.958488e+02 1.330206e+01
2020-06-14T22:53:38.668	Cambrian Info 52398b19-c595-4a33-a5f9-da82d414bd8f 0007  -1.720646e+02 -1.953533e+02 1.487333e+01
2020-06-14T22:53:38.69	Cambrian Info 52398b19-c595-4a33-a5f9-da82d414bd8f 0008  -1.625586e+02 -1.959117e+02 1.487064e+01
2020-06-14T22:53:38.711	Cambrian Info 52398b19-c595-4a33-a5f9-da82d414bd8f 0009  -1.609646e+02 -1.934354e+02 1.611619e+01
2020-06-14T22:53:38.733	Cambrian Info 52398b19-c595-4a33-a5f9-da82d414bd8f 0010  -1.556087e+02 -1.943225e+02 1.646324e+01
2020-06-14T22:54:07.258	Cambrian Info 52398b19-c595-4a33-a5f9-da82d414bd8f 0001  9.510289e-01 5.916905e-01 3.739806e-01
2020-06-14T22:54:07.341	Cambrian Info 52398b19-c595-4a33-a5f9-da82d414bd8f 0001  9.710760e-01 5.494288e-01 3.832378e-01
2020-06-14T22:54:07.341	Cambrian Info 52398b19-c595-4a33-a5f9-da82d414bd8f 0002  8.923415e-01 4.611814e-01 3.288591e-01
2020-06-14T22:54:07.341	Cambrian Info 52398b19-c595-4a33-a5f9-da82d414bd8f 0003  8.053523e-01 4.489053e-01 2.647037e-01
2020-06-14T22:54:07.487	Cambrian Info 52398b19-c595-4a33-a5f9-da82d414bd8f 0001  -1.720646e+02 -2.002690e+02 1.678180e+01
2020-06-14T22:54:07.506	Cambrian Info 52398b19-c595-4a33-a5f9-da82d414bd8f 0002  -1.720646e+02 -1.975365e+02 1.495958e+01
2020-06-14T22:54:07.526	Cambrian Info 52398b19-c595-4a33-a5f9-da82d414bd8f 0003  -1.720646e+02 -1.989466e+02 1.778604e+01
2020-06-14T22:54:07.546	Cambrian Info 52398b19-c595-4a33-a5f9-da82d414bd8f 0004  -1.720646e+02 -1.981585e+02 1.524879e+01
2020-06-14T22:54:07.565	Cambrian Info 52398b19-c595-4a33-a5f9-da82d414bd8f 0005  -1.720646e+02 -1.974909e+02 1.436587e+01
2020-06-14T22:54:07.623	Cambrian Info 52398b19-c595-4a33-a5f9-da82d414bd8f 0006  -1.720646e+02 -1.958488e+02 1.330206e+01
2020-06-14T22:54:07.649	Cambrian Info 52398b19-c595-4a33-a5f9-da82d414bd8f 0007  -1.720646e+02 -1.953533e+02 1.487333e+01
2020-06-14T22:54:07.674	Cambrian Info 52398b19-c595-4a33-a5f9-da82d414bd8f 0008  -1.625586e+02 -1.959117e+02 1.487064e+01
2020-06-14T22:54:07.699	Cambrian Info 52398b19-c595-4a33-a5f9-da82d414bd8f 0009  -1.609646e+02 -1.934354e+02 1.611619e+01
2020-06-14T22:54:07.723	Cambrian Info 52398b19-c595-4a33-a5f9-da82d414bd8f 0010  -1.556087e+02 -1.943225e+02 1.646324e+01
