2020-06-14T21:52:27.228	Cambrian Info 9e553dfd-7289-443b-9298-90ea54314c33 0001  9.605137e-01 6.209281e-01 2.218604e-01
2020-06-14T21:52:27.385	Cambrian Info 9e553dfd-7289-443b-9298-90ea54314c33 0001  9.519107e-01 7.017770e-01 2.150623e-01
2020-06-14T21:52:27.516	Cambrian Info 9e553dfd-7289-443b-9298-90ea54314c33 0002  8.216714e-01 5.258169e-01 2.870604e-01
2020-06-14T21:52:27.516	Cambrian Info 9e553dfd-7289-443b-9298-90ea54314c33 0003  9.546439e-01 4.397033e-01 4.008867e-01
2020-06-14T21:52:37.282	Cambrian Info 9e553dfd-7289-443b-9298-90ea54314c33 0001  9.605137e-01 6.209281e-01 2.218604e-01
2020-06-14T21:52:37.363	Cambrian Info 9e553dfd-7289-443b-9298-90ea54314c33 0001  9.519107e-01 7.017770e-01 2.150623e-01
2020-06-14T21:52:37.364	Cambrian Info 9e553dfd-7289-443b-9298-90ea54314c33 0002  8.216714e-01 5.258169e-01 2.870604e-01
2020-06-14T21:52:37.364	Cambrian Info 9e553dfd-7289-443b-9298-90ea54314c33 0003  9.546439e-01 4.397033e-01 4.008867e-01
2020-06-14T22:21:13.549	Cambrian Info 9e553dfd-7289-443b-9298-90ea54314c33 0001  9.605137e-01 6.209281e-01 2.218604e-01
2020-06-14T22:21:13.629	Cambrian Info 9e553dfd-7289-443b-9298-90ea54314c33 0001  9.519107e-01 7.017770e-01 2.150623e-01
2020-06-14T22:21:13.63	Cambrian Info 9e553dfd-7289-443b-9298-90ea54314c33 0002  8.216714e-01 5.258169e-01 2.870604e-01
2020-06-14T22:21:13.63	Cambrian Info 9e553dfd-7289-443b-9298-90ea54314c33 0003  9.546439e-01 4.397033e-01 4.008867e-01
2020-06-14T22:22:38.397	Cambrian Info 9e553dfd-7289-443b-9298-90ea54314c33 0001  9.605137e-01 6.209281e-01 2.218604e-01
2020-06-14T22:22:38.471	Cambrian Info 9e553dfd-7289-443b-9298-90ea54314c33 0001  9.519107e-01 7.017770e-01 2.150623e-01
2020-06-14T22:22:38.471	Cambrian Info 9e553dfd-7289-443b-9298-90ea54314c33 0002  8.216714e-01 5.258169e-01 2.870604e-01
2020-06-14T22:22:38.471	Cambrian Info 9e553dfd-7289-443b-9298-90ea54314c33 0003  9.546439e-01 4.397033e-01 4.008867e-01
2020-06-14T22:22:38.545	Cambrian Info 9e553dfd-7289-443b-9298-90ea54314c33 0001  9.546439e-01 4.513789e-01 3.021902e-01
2020-06-14T22:22:39.007	Cambrian Info 9e553dfd-7289-443b-9298-90ea54314c33 0002  9.831424e-01 5.305369e-01 3.297372e-01
2020-06-14T22:22:39.009	Cambrian Info 9e553dfd-7289-443b-9298-90ea54314c33 0003  8.764442e-01 4.897912e-01 2.510313e-01
2020-06-14T22:22:39.012	Cambrian Info 9e553dfd-7289-443b-9298-90ea54314c33 0004  9.180764e-01 5.643315e-01 2.855248e-01
2020-06-14T22:22:39.014	Cambrian Info 9e553dfd-7289-443b-9298-90ea54314c33 0005  9.796558e-01 5.964465e-01 2.924117e-01
2020-06-14T22:22:58.677	Cambrian Info 9e553dfd-7289-443b-9298-90ea54314c33 0001  9.605137e-01 6.209281e-01 2.218604e-01
2020-06-14T22:22:58.747	Cambrian Info 9e553dfd-7289-443b-9298-90ea54314c33 0001  9.519107e-01 7.017770e-01 2.150623e-01
2020-06-14T22:22:58.747	Cambrian Info 9e553dfd-7289-443b-9298-90ea54314c33 0002  8.216714e-01 5.258169e-01 2.870604e-01
2020-06-14T22:22:58.747	Cambrian Info 9e553dfd-7289-443b-9298-90ea54314c33 0003  9.546439e-01 4.397033e-01 4.008867e-01
2020-06-14T22:22:58.751	Cambrian Info 9e553dfd-7289-443b-9298-90ea54314c33 0001  9.546439e-01 4.513789e-01 3.021902e-01
2020-06-14T22:22:58.754	Cambrian Info 9e553dfd-7289-443b-9298-90ea54314c33 0002  9.831424e-01 5.305369e-01 3.297372e-01
2020-06-14T22:22:58.756	Cambrian Info 9e553dfd-7289-443b-9298-90ea54314c33 0003  8.764442e-01 4.897912e-01 2.510313e-01
2020-06-14T22:22:58.757	Cambrian Info 9e553dfd-7289-443b-9298-90ea54314c33 0004  9.180764e-01 5.643315e-01 2.855248e-01
2020-06-14T22:22:58.759	Cambrian Info 9e553dfd-7289-443b-9298-90ea54314c33 0005  9.796558e-01 5.964465e-01 2.924117e-01
2020-06-14T22:24:14.409	Cambrian Info 9e553dfd-7289-443b-9298-90ea54314c33 0001  9.605137e-01 6.209281e-01 2.218604e-01
2020-06-14T22:24:14.489	Cambrian Info 9e553dfd-7289-443b-9298-90ea54314c33 0001  9.519107e-01 7.017770e-01 2.150623e-01
2020-06-14T22:24:14.489	Cambrian Info 9e553dfd-7289-443b-9298-90ea54314c33 0002  8.216714e-01 5.258169e-01 2.870604e-01
2020-06-14T22:24:14.489	Cambrian Info 9e553dfd-7289-443b-9298-90ea54314c33 0003  9.546439e-01 4.397033e-01 4.008867e-01
2020-06-14T22:24:14.492	Cambrian Info 9e553dfd-7289-443b-9298-90ea54314c33 0001  9.546439e-01 4.513789e-01 3.021902e-01
2020-06-14T22:24:14.495	Cambrian Info 9e553dfd-7289-443b-9298-90ea54314c33 0002  9.831424e-01 5.305369e-01 3.297372e-01
2020-06-14T22:24:14.497	Cambrian Info 9e553dfd-7289-443b-9298-90ea54314c33 0003  8.764442e-01 4.897912e-01 2.510313e-01
2020-06-14T22:24:14.499	Cambrian Info 9e553dfd-7289-443b-9298-90ea54314c33 0004  9.180764e-01 5.643315e-01 2.855248e-01
2020-06-14T22:24:14.501	Cambrian Info 9e553dfd-7289-443b-9298-90ea54314c33 0005  9.796558e-01 5.964465e-01 2.924117e-01
