2020-06-15T09:25:11.683	Cambrian Info b720de07-e1fc-42e8-a5ca-0b088dbf4c91 0001  7.558634e-01 3.116267e-01 2.770081e-01
2020-06-15T09:25:11.917	Cambrian Info b720de07-e1fc-42e8-a5ca-0b088dbf4c91 0001  7.077151e-01 4.833127e-01 2.652111e-01
2020-06-15T09:25:12.309	Cambrian Info b720de07-e1fc-42e8-a5ca-0b088dbf4c91 0002  5.628735e-01 2.393988e-01 2.114893e-01
2020-06-15T09:25:12.309	Cambrian Info b720de07-e1fc-42e8-a5ca-0b088dbf4c91 0003  9.603362e-01 3.830861e-01 3.571212e-01
2020-06-15T09:25:19.725	Cambrian Info b720de07-e1fc-42e8-a5ca-0b088dbf4c91 0001  -1.595020e+02 -1.911524e+02 2.057718e+01
2020-06-15T09:25:19.747	Cambrian Info b720de07-e1fc-42e8-a5ca-0b088dbf4c91 0002  -1.595020e+02 -1.939538e+02 2.283199e+01
2020-06-15T09:25:19.771	Cambrian Info b720de07-e1fc-42e8-a5ca-0b088dbf4c91 0003  -1.595020e+02 -1.898528e+02 2.084526e+01
2020-06-15T09:25:19.792	Cambrian Info b720de07-e1fc-42e8-a5ca-0b088dbf4c91 0004  -1.595020e+02 -1.958208e+02 2.414157e+01
2020-06-15T09:25:19.816	Cambrian Info b720de07-e1fc-42e8-a5ca-0b088dbf4c91 0005  -1.595020e+02 -1.923742e+02 2.038456e+01
2020-06-15T09:25:20.028	Cambrian Info b720de07-e1fc-42e8-a5ca-0b088dbf4c91 0006  -1.595020e+02 -1.934189e+02 2.111321e+01
2020-06-15T09:25:20.053	Cambrian Info b720de07-e1fc-42e8-a5ca-0b088dbf4c91 0007  -1.595020e+02 -1.946892e+02 2.113603e+01
2020-06-15T09:25:20.078	Cambrian Info b720de07-e1fc-42e8-a5ca-0b088dbf4c91 0008  -1.595020e+02 -1.925275e+02 2.001753e+01
2020-06-15T09:25:20.102	Cambrian Info b720de07-e1fc-42e8-a5ca-0b088dbf4c91 0009  -1.595020e+02 -1.907786e+02 1.899040e+01
2020-06-15T09:25:20.127	Cambrian Info b720de07-e1fc-42e8-a5ca-0b088dbf4c91 0010  -1.595020e+02 -1.920076e+02 2.086423e+01
2020-06-15T09:26:40.546	Cambrian Info b720de07-e1fc-42e8-a5ca-0b088dbf4c91 0001  7.558634e-01 3.116267e-01 2.770081e-01
2020-06-15T09:26:40.636	Cambrian Info b720de07-e1fc-42e8-a5ca-0b088dbf4c91 0001  7.077151e-01 4.833127e-01 2.652111e-01
2020-06-15T09:26:40.636	Cambrian Info b720de07-e1fc-42e8-a5ca-0b088dbf4c91 0002  5.628735e-01 2.393988e-01 2.114893e-01
2020-06-15T09:26:40.636	Cambrian Info b720de07-e1fc-42e8-a5ca-0b088dbf4c91 0003  9.603362e-01 3.830861e-01 3.571212e-01
2020-06-15T09:26:40.728	Cambrian Info b720de07-e1fc-42e8-a5ca-0b088dbf4c91 0001  -1.595020e+02 -1.909600e+02 2.040704e+01
2020-06-15T09:26:40.753	Cambrian Info b720de07-e1fc-42e8-a5ca-0b088dbf4c91 0002  -1.595020e+02 -1.943921e+02 2.258329e+01
2020-06-15T09:26:40.782	Cambrian Info b720de07-e1fc-42e8-a5ca-0b088dbf4c91 0003  -1.595020e+02 -1.896132e+02 2.105610e+01
2020-06-15T09:26:40.812	Cambrian Info b720de07-e1fc-42e8-a5ca-0b088dbf4c91 0004  -1.595020e+02 -1.957622e+02 2.417074e+01
2020-06-15T09:26:40.851	Cambrian Info b720de07-e1fc-42e8-a5ca-0b088dbf4c91 0005  -1.595020e+02 -1.922866e+02 2.038939e+01
2020-06-15T09:26:40.939	Cambrian Info b720de07-e1fc-42e8-a5ca-0b088dbf4c91 0006  -1.595020e+02 -1.935821e+02 2.106577e+01
2020-06-15T09:26:40.976	Cambrian Info b720de07-e1fc-42e8-a5ca-0b088dbf4c91 0007  -1.595020e+02 -1.945659e+02 2.119012e+01
2020-06-15T09:26:41.019	Cambrian Info b720de07-e1fc-42e8-a5ca-0b088dbf4c91 0008  -1.595020e+02 -1.924805e+02 2.001410e+01
2020-06-15T09:26:41.064	Cambrian Info b720de07-e1fc-42e8-a5ca-0b088dbf4c91 0009  -1.595020e+02 -1.909350e+02 1.897067e+01
2020-06-15T09:26:41.104	Cambrian Info b720de07-e1fc-42e8-a5ca-0b088dbf4c91 0010  -1.595020e+02 -1.920831e+02 2.080878e+01
2020-06-15T09:30:05.273	Cambrian Info b720de07-e1fc-42e8-a5ca-0b088dbf4c91 0001  7.558634e-01 3.116267e-01 2.770081e-01
2020-06-15T09:30:05.359	Cambrian Info b720de07-e1fc-42e8-a5ca-0b088dbf4c91 0001  7.077151e-01 4.833127e-01 2.652111e-01
2020-06-15T09:30:05.359	Cambrian Info b720de07-e1fc-42e8-a5ca-0b088dbf4c91 0002  5.628735e-01 2.393988e-01 2.114893e-01
2020-06-15T09:30:05.359	Cambrian Info b720de07-e1fc-42e8-a5ca-0b088dbf4c91 0003  9.603362e-01 3.830861e-01 3.571212e-01
2020-06-15T09:30:05.646	Cambrian Info b720de07-e1fc-42e8-a5ca-0b088dbf4c91 0001  -1.472194e+02 -1.610109e+02 1.113950e+01
2020-06-15T09:30:05.883	Cambrian Info b720de07-e1fc-42e8-a5ca-0b088dbf4c91 0002  -1.472194e+02 -1.588384e+02 1.021121e+01
2020-06-15T09:30:06.121	Cambrian Info b720de07-e1fc-42e8-a5ca-0b088dbf4c91 0003  -1.472194e+02 -1.596600e+02 1.118072e+01
2020-06-15T09:30:06.358	Cambrian Info b720de07-e1fc-42e8-a5ca-0b088dbf4c91 0004  -1.472194e+02 -1.565895e+02 8.717078e+00
2020-06-15T09:30:06.608	Cambrian Info b720de07-e1fc-42e8-a5ca-0b088dbf4c91 0005  -1.470935e+02 -1.557507e+02 9.312435e+00
2020-06-15T09:30:07.228	Cambrian Info b720de07-e1fc-42e8-a5ca-0b088dbf4c91 0006  -1.470935e+02 -1.540788e+02 9.389469e+00
2020-06-15T09:30:07.479	Cambrian Info b720de07-e1fc-42e8-a5ca-0b088dbf4c91 0007  -1.470935e+02 -1.534806e+02 7.528895e+00
2020-06-15T09:30:07.727	Cambrian Info b720de07-e1fc-42e8-a5ca-0b088dbf4c91 0008  -1.470935e+02 -1.533361e+02 6.904955e+00
2020-06-15T09:30:07.974	Cambrian Info b720de07-e1fc-42e8-a5ca-0b088dbf4c91 0009  -1.470935e+02 -1.531155e+02 8.476754e+00
2020-06-15T09:30:08.221	Cambrian Info b720de07-e1fc-42e8-a5ca-0b088dbf4c91 0010  -1.470935e+02 -1.523903e+02 7.410042e+00
2020-06-15T09:38:37.63	Cambrian Info b720de07-e1fc-42e8-a5ca-0b088dbf4c91 0001  7.558634e-01 3.116267e-01 2.770081e-01
2020-06-15T09:38:37.701	Cambrian Info b720de07-e1fc-42e8-a5ca-0b088dbf4c91 0001  7.077151e-01 4.833127e-01 2.652111e-01
2020-06-15T09:38:37.702	Cambrian Info b720de07-e1fc-42e8-a5ca-0b088dbf4c91 0002  5.628735e-01 2.393988e-01 2.114893e-01
2020-06-15T09:38:37.702	Cambrian Info b720de07-e1fc-42e8-a5ca-0b088dbf4c91 0003  9.603362e-01 3.830861e-01 3.571212e-01
2020-06-15T09:42:59.608	Cambrian Info b720de07-e1fc-42e8-a5ca-0b088dbf4c91 0001  7.558634e-01 3.116267e-01 2.770081e-01
2020-06-15T09:42:59.695	Cambrian Info b720de07-e1fc-42e8-a5ca-0b088dbf4c91 0001  7.077151e-01 4.833127e-01 2.652111e-01
2020-06-15T09:42:59.695	Cambrian Info b720de07-e1fc-42e8-a5ca-0b088dbf4c91 0002  5.628735e-01 2.393988e-01 2.114893e-01
2020-06-15T09:42:59.695	Cambrian Info b720de07-e1fc-42e8-a5ca-0b088dbf4c91 0003  9.603362e-01 3.830861e-01 3.571212e-01
2020-06-15T09:43:48.336	Cambrian Info b720de07-e1fc-42e8-a5ca-0b088dbf4c91 0001  7.558634e-01 3.116267e-01 2.770081e-01
2020-06-15T09:43:48.408	Cambrian Info b720de07-e1fc-42e8-a5ca-0b088dbf4c91 0001  7.077151e-01 4.833127e-01 2.652111e-01
2020-06-15T09:43:48.409	Cambrian Info b720de07-e1fc-42e8-a5ca-0b088dbf4c91 0002  5.628735e-01 2.393988e-01 2.114893e-01
2020-06-15T09:43:48.409	Cambrian Info b720de07-e1fc-42e8-a5ca-0b088dbf4c91 0003  9.603362e-01 3.830861e-01 3.571212e-01
2020-06-15T09:43:48.7	Cambrian Info b720de07-e1fc-42e8-a5ca-0b088dbf4c91 0001  -8.490475e-03 -8.764564e-01 4.854448e+00
2020-06-15T09:43:48.944	Cambrian Info b720de07-e1fc-42e8-a5ca-0b088dbf4c91 0002  -8.490475e-03 -9.500231e-01 5.844748e+00
2020-06-15T09:43:49.181	Cambrian Info b720de07-e1fc-42e8-a5ca-0b088dbf4c91 0003  -8.490475e-03 -6.033436e-01 3.138342e+00
2020-06-15T09:43:49.428	Cambrian Info b720de07-e1fc-42e8-a5ca-0b088dbf4c91 0004  -8.490475e-03 -9.241055e-01 5.622050e+00
2020-06-15T09:43:49.67	Cambrian Info b720de07-e1fc-42e8-a5ca-0b088dbf4c91 0005  -8.490475e-03 -1.092881e+00 5.532774e+00
2020-06-15T09:43:50.25	Cambrian Info b720de07-e1fc-42e8-a5ca-0b088dbf4c91 0006  -5.618809e-06 -7.949041e-01 5.134460e+00
2020-06-15T09:43:50.5	Cambrian Info b720de07-e1fc-42e8-a5ca-0b088dbf4c91 0007  -5.618809e-06 -7.520115e-01 4.352828e+00
2020-06-15T09:43:50.747	Cambrian Info b720de07-e1fc-42e8-a5ca-0b088dbf4c91 0008  -5.618809e-06 -1.191647e+00 7.272182e+00
2020-06-15T09:43:51.004	Cambrian Info b720de07-e1fc-42e8-a5ca-0b088dbf4c91 0009  -5.618809e-06 -1.018757e+00 6.140604e+00
2020-06-15T09:43:51.274	Cambrian Info b720de07-e1fc-42e8-a5ca-0b088dbf4c91 0010  -5.618809e-06 -5.926919e-01 3.350147e+00
2020-06-15T09:59:37.647	Cambrian Info b720de07-e1fc-42e8-a5ca-0b088dbf4c91 0001  7.558634e-01 3.116267e-01 2.770081e-01
2020-06-15T09:59:37.723	Cambrian Info b720de07-e1fc-42e8-a5ca-0b088dbf4c91 0001  7.077151e-01 4.833127e-01 2.652111e-01
2020-06-15T09:59:37.723	Cambrian Info b720de07-e1fc-42e8-a5ca-0b088dbf4c91 0002  5.628735e-01 2.393988e-01 2.114893e-01
2020-06-15T09:59:37.724	Cambrian Info b720de07-e1fc-42e8-a5ca-0b088dbf4c91 0003  9.603362e-01 3.830861e-01 3.571212e-01
2020-06-15T09:59:37.993	Cambrian Info b720de07-e1fc-42e8-a5ca-0b088dbf4c91 0001  -8.490475e-03 -1.971410e+01 2.188920e+01
2020-06-15T09:59:38.186	Cambrian Info b720de07-e1fc-42e8-a5ca-0b088dbf4c91 0002  -8.490475e-03 -1.980613e+01 2.229938e+01
2020-06-15T09:59:38.37	Cambrian Info b720de07-e1fc-42e8-a5ca-0b088dbf4c91 0003  -8.490475e-03 -1.991327e+01 2.216109e+01
2020-06-15T09:59:38.568	Cambrian Info b720de07-e1fc-42e8-a5ca-0b088dbf4c91 0004  -8.490475e-03 -1.910016e+01 2.098538e+01
2020-06-15T09:59:38.771	Cambrian Info b720de07-e1fc-42e8-a5ca-0b088dbf4c91 0005  -8.490475e-03 -1.865392e+01 2.140975e+01
2020-06-15T09:59:39.238	Cambrian Info b720de07-e1fc-42e8-a5ca-0b088dbf4c91 0006  -8.490475e-03 -1.966618e+01 2.227147e+01
2020-06-15T09:59:39.45	Cambrian Info b720de07-e1fc-42e8-a5ca-0b088dbf4c91 0007  -8.490475e-03 -1.865045e+01 2.160314e+01
2020-06-15T09:59:39.667	Cambrian Info b720de07-e1fc-42e8-a5ca-0b088dbf4c91 0008  -8.490475e-03 -1.898254e+01 2.175431e+01
2020-06-15T09:59:39.89	Cambrian Info b720de07-e1fc-42e8-a5ca-0b088dbf4c91 0009  -8.490475e-03 -1.870123e+01 2.139244e+01
2020-06-15T09:59:40.12	Cambrian Info b720de07-e1fc-42e8-a5ca-0b088dbf4c91 0010  -8.490475e-03 -1.958502e+01 2.235395e+01
